Using pre-set license
Built from '2020.3/staging' branch; Version is '2020.3.0f1 (c7b5465681fb) revision 13088070'; Using compiler version '192528614'; Build Type 'Release'
OS: 'Windows 10 Pro for Workstations; OS build 19042.804; Version 2009; 64bit' Language: 'es' Physical Memory: 12168 MB
BatchMode: 1, IsHumanControllingUs: 0, StartBugReporterOnCrash: 0, Is64bit: 1, IsPro: 0

 COMMAND LINE ARGUMENTS:
D:\Programas\UnityHub\Editor\2020.3.0f1\Editor\Unity.exe
-adb2
-batchMode
-noUpm
-name
AssetImportWorker0
-projectPath
C:/Users/Asus/Documents/proyectosUnity/DeteccionDePlanos
-logFile
Logs/AssetImportWorker0.log
-srvPort
51607
Successfully changed project path to: C:/Users/Asus/Documents/proyectosUnity/DeteccionDePlanos
C:/Users/Asus/Documents/proyectosUnity/DeteccionDePlanos
Using Asset Import Pipeline V2.
Refreshing native plugins compatible for Editor in 36.67 ms, found 0 plugins.
Preloading 0 native plugins for Editor in 0.00 ms.
Initialize engine version: 2020.3.0f1 (c7b5465681fb)
[Subsystems] Discovering subsystems at path D:/Programas/UnityHub/Editor/2020.3.0f1/Editor/Data/Resources/UnitySubsystems
[Subsystems] Discovering subsystems at path C:/Users/Asus/Documents/proyectosUnity/DeteccionDePlanos/Assets
GfxDevice: creating device client; threaded=0
Direct3D:
    Version:  Direct3D 11.0 [level 11.0]
    Renderer: NVIDIA GeForce 940MX (ID=0x134d)
    Vendor:   
    VRAM:     2010 MB
    Driver:   27.21.14.6192
Initialize mono
Mono path[0] = 'D:/Programas/UnityHub/Editor/2020.3.0f1/Editor/Data/Managed'
Mono path[1] = 'D:/Programas/UnityHub/Editor/2020.3.0f1/Editor/Data/MonoBleedingEdge/lib/mono/unityjit'
Mono config path = 'D:/Programas/UnityHub/Editor/2020.3.0f1/Editor/Data/MonoBleedingEdge/etc'
Using monoOptions --debugger-agent=transport=dt_socket,embedding=1,server=y,suspend=n,address=127.0.0.1:56692
Begin MonoManager ReloadAssembly
Registering precompiled unity dll's ...
Register platform support module: D:/Programas/UnityHub/Editor/2020.3.0f1/Editor/Data/PlaybackEngines/WindowsStandaloneSupport/UnityEditor.WindowsStandalone.Extensions.dll
Registered in 0.001994 seconds.
Native extension for WindowsStandalone target not found
Refreshing native plugins compatible for Editor in 48.19 ms, found 0 plugins.
Preloading 0 native plugins for Editor in 0.00 ms.
Invoked RoslynAnalysisRunner static constructor.
RoslynAnalysisRunner will not be running.
RoslynAnalysisRunner has terminated.
Mono: successfully reloaded assembly
- Completed reload, in  2.301 seconds
Platform modules already initialized, skipping
Registering precompiled user dll's ...
Registered in 0.000938 seconds.
Begin MonoManager ReloadAssembly
Native extension for WindowsStandalone target not found
Refreshing native plugins compatible for Editor in 0.33 ms, found 0 plugins.
Preloading 0 native plugins for Editor in 0.00 ms.
Invoked RoslynAnalysisRunner static constructor.
RoslynAnalysisRunner will not be running.
RoslynAnalysisRunner has terminated.
Mono: successfully reloaded assembly
- Completed reload, in  1.336 seconds
Platform modules already initialized, skipping
========================================================================
Worker process is ready to serve import requests
Launched and connected shader compiler UnityShaderCompiler.exe after 0.09 seconds
Refreshing native plugins compatible for Editor in 0.27 ms, found 0 plugins.
Preloading 0 native plugins for Editor in 0.00 ms.
Unloading 1436 Unused Serialized files (Serialized files now loaded: 0)
System memory in use before: 66.5 MB.
System memory in use after: 66.6 MB.

Unloading 12 unused Assets to reduce memory usage. Loaded Objects now: 1878.
Total: 3.118700 ms (FindLiveObjects: 0.283400 ms CreateObjectMapping: 0.097900 ms MarkObjects: 2.410900 ms  DeleteObjects: 0.324400 ms)

========================================================================
Received Import Request.
  path: Assets/Demo
  artifactKey: Guid(824f68869430cd94da9ffe1337e576c9) Importer(815301076,1909f56bfc062723c751e8b465ee728b)
Start importing Assets/Demo using Guid(824f68869430cd94da9ffe1337e576c9) Importer(815301076,1909f56bfc062723c751e8b465ee728b)  -> (artifact id: 'ce089314802b966c1eb627b0319fc55e') in 0.009404 seconds
  Import took 0.014781 seconds .

========================================================================
Received Import Request.
  Time since last request: 1.531377 seconds.
  path: Assets/Demo/AR Default Plane.prefab
  artifactKey: Guid(26f00272ede91c24099d51f73909b13e) Importer(815301076,1909f56bfc062723c751e8b465ee728b)
Start importing Assets/Demo/AR Default Plane.prefab using Guid(26f00272ede91c24099d51f73909b13e) Importer(815301076,1909f56bfc062723c751e8b465ee728b)  -> (artifact id: '5fd3e99cb15fdaf9fd76ee01aab81ed0') in 0.172191 seconds
  Import took 0.182187 seconds .

========================================================================
Received Import Request.
  Time since last request: 2.339848 seconds.
  path: Assets/Demo/AR Default Point Cloud.prefab
  artifactKey: Guid(b53156ab0a7a74149a9d000afe87aa25) Importer(815301076,1909f56bfc062723c751e8b465ee728b)
Start importing Assets/Demo/AR Default Point Cloud.prefab using Guid(b53156ab0a7a74149a9d000afe87aa25) Importer(815301076,1909f56bfc062723c751e8b465ee728b)  -> (artifact id: 'ac9d1fa9e3cf3f4028d11c26749a45a0') in 0.059186 seconds
  Import took 0.288857 seconds .

========================================================================
Received Import Request.
  Time since last request: 0.018971 seconds.
  path: Assets/Demo/AR Default Point Cloud.prefab
  artifactKey: Guid(b53156ab0a7a74149a9d000afe87aa25) Importer(815301076,1909f56bfc062723c751e8b465ee728b)
Start importing Assets/Demo/AR Default Point Cloud.prefab using Guid(b53156ab0a7a74149a9d000afe87aa25) Importer(815301076,1909f56bfc062723c751e8b465ee728b)  -> (artifact id: 'ac9d1fa9e3cf3f4028d11c26749a45a0') in 0.050812 seconds
  Import took 0.242341 seconds .

========================================================================
Received Import Request.
  Time since last request: 121.871949 seconds.
  path: Assets/Demo/PlaceOnPlane.cs
  artifactKey: Guid(45791d9ad838ae647a1167eadab95e84) Importer(815301076,1909f56bfc062723c751e8b465ee728b)
Start importing Assets/Demo/PlaceOnPlane.cs using Guid(45791d9ad838ae647a1167eadab95e84) Importer(815301076,1909f56bfc062723c751e8b465ee728b)  -> (artifact id: '38f75201162243b51dd83b912719ae35') in 0.013314 seconds
  Import took 0.026284 seconds .

========================================================================
Received Prepare
Registering precompiled user dll's ...
Registered in 0.000930 seconds.
Begin MonoManager ReloadAssembly
Native extension for WindowsStandalone target not found
Refreshing native plugins compatible for Editor in 0.27 ms, found 0 plugins.
Preloading 0 native plugins for Editor in 0.00 ms.
Invoked RoslynAnalysisRunner static constructor.
RoslynAnalysisRunner will not be running.
RoslynAnalysisRunner has terminated.
Mono: successfully reloaded assembly
- Completed reload, in  1.162 seconds
Platform modules already initialized, skipping
Switching build target platform(5) subTarget(0) extendedPlatform(0) -> platform(13) subTarget(524288) extendedPlatform(0)
Refreshing native plugins compatible for Editor in 0.28 ms, found 0 plugins.
Preloading 0 native plugins for Editor in 0.00 ms.
Unloading 1431 Unused Serialized files (Serialized files now loaded: 0)
System memory in use before: 66.3 MB.
System memory in use after: 66.4 MB.

Unloading 7 unused Assets to reduce memory usage. Loaded Objects now: 1883.
Total: 1.733500 ms (FindLiveObjects: 0.163300 ms CreateObjectMapping: 0.052500 ms MarkObjects: 1.443700 ms  DeleteObjects: 0.072600 ms)

AssetImportParameters requested are different than current active one (requested -> active):
  custom:graphics/normal-map-encoding: 01000000000000000000000000000000 -> 02000000000000000000000000000000
========================================================================
Received Prepare
Refreshing native plugins compatible for Editor in 1.19 ms, found 0 plugins.
Preloading 0 native plugins for Editor in 0.00 ms.
Unloading 4 Unused Serialized files (Serialized files now loaded: 0)
System memory in use before: 37.9 MB.
System memory in use after: 38.0 MB.

Unloading 3 unused Assets to reduce memory usage. Loaded Objects now: 1884.
Total: 4.471800 ms (FindLiveObjects: 0.279700 ms CreateObjectMapping: 0.094500 ms MarkObjects: 4.039200 ms  DeleteObjects: 0.056300 ms)

